<?xml version="1.0" encoding="UTF-8"?>
<testsuite xmlns:xsi="http://www.w3.org/2001/XMLSchema-instance" xsi:noNamespaceSchemaLocation="https://maven.apache.org/surefire/maven-surefire-plugin/xsd/surefire-test-report-3.0.xsd" version="3.0" name="com.provenance.keycloak.pic.exchange.OpsResolverTest" time="0.013" tests="36" errors="0" skipped="0" failures="0">
  <properties>
[...]
</properties>
  <testcase name="opIsCovered_nullElementInAuthorized_skipped" classname="com.provenance.keycloak.pic.exchange.OpsResolverTest" time="0.0"/>
  <testcase name="opIsCovered_exactMatch" classname="com.provenance.keycloak.pic.exchange.OpsResolverTest" time="0.0"/>
  <testcase name="intersectOps_nullElementInRequested_skipped" classname="com.provenance.keycloak.pic.exchange.OpsResolverTest" time="0.0"/>
  <testcase name="opIsCovered_wildcardSuffix" classname="com.provenance.keycloak.pic.exchange.OpsResolverTest" time="0.001"/>
  <testcase name="wildcardCoversSpecific" classname="com.provenance.keycloak.pic.exchange.OpsResolverTest" time="0.0"/>
  <testcase name="parseScopeString_single" classname="com.provenance.keycloak.pic.exchange.OpsResolverTest" time="0.0"/>
  <testcase name="multipleAuthorizedMultipleRequested" classname="com.provenance.keycloak.pic.exchange.OpsResolverTest" time="0.001"/>
  <testcase name="multipleAuthorizedSubset" classname="com.provenance.keycloak.pic.exchange.OpsResolverTest" time="0.0"/>
  <testcase name="parseUserOps_multipleAttributeValues" classname="com.provenance.keycloak.pic.exchange.OpsResolverTest" time="0.0"/>
  <testcase name="opIsCovered_blankOp_returnsFalse" classname="com.provenance.keycloak.pic.exchange.OpsResolverTest" time="0.0"/>
  <testcase name="opIsCovered_universalWildcard" classname="com.provenance.keycloak.pic.exchange.OpsResolverTest" time="0.0"/>
  <testcase name="intersectOps_blankElementInRequested_skipped" classname="com.provenance.keycloak.pic.exchange.OpsResolverTest" time="0.0"/>
  <testcase name="opIsCovered_notCovered" classname="com.provenance.keycloak.pic.exchange.OpsResolverTest" time="0.0"/>
  <testcase name="opIsCovered_actionPrefixWildcard" classname="com.provenance.keycloak.pic.exchange.OpsResolverTest" time="0.0"/>
  <testcase name="universalWildcard" classname="com.provenance.keycloak.pic.exchange.OpsResolverTest" time="0.001"/>
  <testcase name="parseUserOps_emptyList" classname="com.provenance.keycloak.pic.exchange.OpsResolverTest" time="0.0"/>
  <testcase name="emptyRequestedReturnsEmpty" classname="com.provenance.keycloak.pic.exchange.OpsResolverTest" time="0.0"/>
  <testcase name="parseUserOps_jsonArray" classname="com.provenance.keycloak.pic.exchange.OpsResolverTest" time="0.001"/>
  <testcase name="parseScopeString_blank" classname="com.provenance.keycloak.pic.exchange.OpsResolverTest" time="0.0"/>
  <testcase name="exactMatchIntersection" classname="com.provenance.keycloak.pic.exchange.OpsResolverTest" time="0.0"/>
  <testcase name="emptyAuthorizedReturnsEmpty" classname="com.provenance.keycloak.pic.exchange.OpsResolverTest" time="0.0"/>
  <testcase name="parseUserOps_spaceDelimited" classname="com.provenance.keycloak.pic.exchange.OpsResolverTest" time="0.0"/>
  <testcase name="parseUserOps_null" classname="com.provenance.keycloak.pic.exchange.OpsResolverTest" time="0.0"/>
  <testcase name="parseUserOps_emptyJsonArray" classname="com.provenance.keycloak.pic.exchange.OpsResolverTest" time="0.0"/>
  <testcase name="opIsCovered_multipleAuthorized" classname="com.provenance.keycloak.pic.exchange.OpsResolverTest" time="0.001"/>
  <testcase name="nestedWildcardMatching" classname="com.provenance.keycloak.pic.exchange.OpsResolverTest" time="0.0"/>
  <testcase name="parseScopeString_null" classname="com.provenance.keycloak.pic.exchange.OpsResolverTest" time="0.0"/>
  <testcase name="parseUserOps_blankValues" classname="com.provenance.keycloak.pic.exchange.OpsResolverTest" time="0.0"/>
  <testcase name="nullRequestedReturnsAllAuthorized" classname="com.provenance.keycloak.pic.exchange.OpsResolverTest" time="0.0"/>
  <testcase name="opIsCovered_nullOp_returnsFalse" classname="com.provenance.keycloak.pic.exchange.OpsResolverTest" time="0.0"/>
  <testcase name="parseScopeString_standard" classname="com.provenance.keycloak.pic.exchange.OpsResolverTest" time="0.0"/>
  <testcase name="parseScopeString_multipleSpaces" classname="com.provenance.keycloak.pic.exchange.OpsResolverTest" time="0.0"/>
  <testcase name="partialOverlap" classname="com.provenance.keycloak.pic.exchange.OpsResolverTest" time="0.0"/>
  <testcase name="parseUserOps_singleQuotedJsonArray" classname="com.provenance.keycloak.pic.exchange.OpsResolverTest" time="0.0"/>
  <testcase name="nullAuthorizedReturnsEmpty" classname="com.provenance.keycloak.pic.exchange.OpsResolverTest" time="0.0"/>
  <testcase name="noOverlapReturnsEmpty" classname="com.provenance.keycloak.pic.exchange.OpsResolverTest" time="0.0"/>
</testsuite>